[2024-10-24 16:07:14,890] INFO core.views /app/core/views.py:20 - Log : CustomSignupView template_name
[2024-10-24 16:07:16,742] DEBUG django.db.backends /usr/local/lib/python3.10/site-packages/django/db/backends/utils.py:131 - (0.012) 
            SELECT
                c.relname,
                CASE
                    WHEN c.relispartition THEN 'p'
                    WHEN c.relkind IN ('m', 'v') THEN 'v'
                    ELSE 't'
                END,
                obj_description(c.oid, 'pg_class')
            FROM pg_catalog.pg_class c
            LEFT JOIN pg_catalog.pg_namespace n ON n.oid = c.relnamespace
            WHERE c.relkind IN ('f', 'm', 'p', 'r', 'v')
                AND n.nspname NOT IN ('pg_catalog', 'pg_toast')
                AND pg_catalog.pg_table_is_visible(c.oid)
        ; args=None; alias=default
[2024-10-24 16:07:16,747] DEBUG django.db.backends /usr/local/lib/python3.10/site-packages/django/db/backends/utils.py:131 - (0.002) SELECT "django_migrations"."id", "django_migrations"."app", "django_migrations"."name", "django_migrations"."applied" FROM "django_migrations"; args=(); alias=default
[2024-10-24 16:07:17,724] INFO core.views /app/core/views.py:20 - Log : CustomSignupView template_name
[2024-10-24 16:07:19,052] DEBUG django.db.backends /usr/local/lib/python3.10/site-packages/django/db/backends/utils.py:131 - (0.005) 
            SELECT
                c.relname,
                CASE
                    WHEN c.relispartition THEN 'p'
                    WHEN c.relkind IN ('m', 'v') THEN 'v'
                    ELSE 't'
                END,
                obj_description(c.oid, 'pg_class')
            FROM pg_catalog.pg_class c
            LEFT JOIN pg_catalog.pg_namespace n ON n.oid = c.relnamespace
            WHERE c.relkind IN ('f', 'm', 'p', 'r', 'v')
                AND n.nspname NOT IN ('pg_catalog', 'pg_toast')
                AND pg_catalog.pg_table_is_visible(c.oid)
        ; args=None; alias=default
[2024-10-24 16:07:19,055] DEBUG django.db.backends /usr/local/lib/python3.10/site-packages/django/db/backends/utils.py:131 - (0.001) SELECT "django_migrations"."id", "django_migrations"."app", "django_migrations"."name", "django_migrations"."applied" FROM "django_migrations"; args=(); alias=default
[2024-10-24 16:07:19,059] DEBUG django.db.backends /usr/local/lib/python3.10/site-packages/django/db/backends/utils.py:131 - (0.001) 
            SELECT
                c.relname,
                CASE
                    WHEN c.relispartition THEN 'p'
                    WHEN c.relkind IN ('m', 'v') THEN 'v'
                    ELSE 't'
                END,
                obj_description(c.oid, 'pg_class')
            FROM pg_catalog.pg_class c
            LEFT JOIN pg_catalog.pg_namespace n ON n.oid = c.relnamespace
            WHERE c.relkind IN ('f', 'm', 'p', 'r', 'v')
                AND n.nspname NOT IN ('pg_catalog', 'pg_toast')
                AND pg_catalog.pg_table_is_visible(c.oid)
        ; args=None; alias=default
[2024-10-24 16:07:19,060] DEBUG django.db.backends /usr/local/lib/python3.10/site-packages/django/db/backends/utils.py:131 - (0.001) SELECT "django_migrations"."id", "django_migrations"."app", "django_migrations"."name", "django_migrations"."applied" FROM "django_migrations"; args=(); alias=default
[2024-10-24 16:07:19,113] DEBUG django.db.backends /usr/local/lib/python3.10/site-packages/django/db/backends/utils.py:131 - (0.001) 
            SELECT
                c.relname,
                CASE
                    WHEN c.relispartition THEN 'p'
                    WHEN c.relkind IN ('m', 'v') THEN 'v'
                    ELSE 't'
                END,
                obj_description(c.oid, 'pg_class')
            FROM pg_catalog.pg_class c
            LEFT JOIN pg_catalog.pg_namespace n ON n.oid = c.relnamespace
            WHERE c.relkind IN ('f', 'm', 'p', 'r', 'v')
                AND n.nspname NOT IN ('pg_catalog', 'pg_toast')
                AND pg_catalog.pg_table_is_visible(c.oid)
        ; args=None; alias=default
[2024-10-24 16:07:19,115] DEBUG django.db.backends /usr/local/lib/python3.10/site-packages/django/db/backends/utils.py:131 - (0.001) 
            SELECT
                c.relname,
                CASE
                    WHEN c.relispartition THEN 'p'
                    WHEN c.relkind IN ('m', 'v') THEN 'v'
                    ELSE 't'
                END,
                obj_description(c.oid, 'pg_class')
            FROM pg_catalog.pg_class c
            LEFT JOIN pg_catalog.pg_namespace n ON n.oid = c.relnamespace
            WHERE c.relkind IN ('f', 'm', 'p', 'r', 'v')
                AND n.nspname NOT IN ('pg_catalog', 'pg_toast')
                AND pg_catalog.pg_table_is_visible(c.oid)
        ; args=None; alias=default
[2024-10-24 16:07:19,117] DEBUG django.db.backends /usr/local/lib/python3.10/site-packages/django/db/backends/utils.py:131 - (0.000) SELECT "django_migrations"."id", "django_migrations"."app", "django_migrations"."name", "django_migrations"."applied" FROM "django_migrations"; args=(); alias=default
[2024-10-24 16:07:19,120] DEBUG django.db.backends /usr/local/lib/python3.10/site-packages/django/db/backends/utils.py:131 - (0.001) SELECT "django_content_type"."id", "django_content_type"."app_label", "django_content_type"."model" FROM "django_content_type" WHERE "django_content_type"."app_label" = 'admin'; args=('admin',); alias=default
[2024-10-24 16:07:19,122] DEBUG django.db.backends /usr/local/lib/python3.10/site-packages/django/db/backends/utils.py:131 - (0.001) SELECT "django_content_type"."id", "django_content_type"."app_label", "django_content_type"."model" FROM "django_content_type" WHERE ("django_content_type"."app_label" = 'admin' AND "django_content_type"."model" = 'logentry') LIMIT 21; args=('admin', 'logentry'); alias=default
[2024-10-24 16:07:19,126] DEBUG django.db.backends /usr/local/lib/python3.10/site-packages/django/db/backends/utils.py:131 - (0.001) SELECT "auth_permission"."content_type_id", "auth_permission"."codename" FROM "auth_permission" INNER JOIN "django_content_type" ON ("auth_permission"."content_type_id" = "django_content_type"."id") WHERE "auth_permission"."content_type_id" IN (1) ORDER BY "django_content_type"."app_label" ASC, "django_content_type"."model" ASC, "auth_permission"."codename" ASC; args=(1,); alias=default
[2024-10-24 16:07:19,127] DEBUG django.db.backends /usr/local/lib/python3.10/site-packages/django/db/backends/utils.py:131 - (0.001) SELECT "django_content_type"."id", "django_content_type"."app_label", "django_content_type"."model" FROM "django_content_type" WHERE "django_content_type"."app_label" = 'admin'; args=('admin',); alias=default
[2024-10-24 16:07:19,130] DEBUG django.db.backends /usr/local/lib/python3.10/site-packages/django/db/backends/utils.py:131 - (0.001) SELECT "django_content_type"."id", "django_content_type"."app_label", "django_content_type"."model" FROM "django_content_type" WHERE "django_content_type"."app_label" = 'auth'; args=('auth',); alias=default
[2024-10-24 16:07:19,132] DEBUG django.db.backends /usr/local/lib/python3.10/site-packages/django/db/backends/utils.py:131 - (0.001) SELECT "django_content_type"."id", "django_content_type"."app_label", "django_content_type"."model" FROM "django_content_type" WHERE ("django_content_type"."app_label" = 'auth' AND "django_content_type"."model" = 'permission') LIMIT 21; args=('auth', 'permission'); alias=default
[2024-10-24 16:07:19,134] DEBUG django.db.backends /usr/local/lib/python3.10/site-packages/django/db/backends/utils.py:131 - (0.000) SELECT "django_content_type"."id", "django_content_type"."app_label", "django_content_type"."model" FROM "django_content_type" WHERE ("django_content_type"."app_label" = 'auth' AND "django_content_type"."model" = 'group') LIMIT 21; args=('auth', 'group'); alias=default
[2024-10-24 16:07:19,137] DEBUG django.db.backends /usr/local/lib/python3.10/site-packages/django/db/backends/utils.py:131 - (0.001) SELECT "auth_permission"."content_type_id", "auth_permission"."codename" FROM "auth_permission" INNER JOIN "django_content_type" ON ("auth_permission"."content_type_id" = "django_content_type"."id") WHERE "auth_permission"."content_type_id" IN (2, 3) ORDER BY "django_content_type"."app_label" ASC, "django_content_type"."model" ASC, "auth_permission"."codename" ASC; args=(2, 3); alias=default
[2024-10-24 16:07:19,140] DEBUG django.db.backends /usr/local/lib/python3.10/site-packages/django/db/backends/utils.py:131 - (0.001) SELECT "django_content_type"."id", "django_content_type"."app_label", "django_content_type"."model" FROM "django_content_type" WHERE "django_content_type"."app_label" = 'auth'; args=('auth',); alias=default
[2024-10-24 16:07:19,142] DEBUG django.db.backends /usr/local/lib/python3.10/site-packages/django/db/backends/utils.py:131 - (0.001) SELECT "django_content_type"."id", "django_content_type"."app_label", "django_content_type"."model" FROM "django_content_type" WHERE "django_content_type"."app_label" = 'contenttypes'; args=('contenttypes',); alias=default
[2024-10-24 16:07:19,143] DEBUG django.db.backends /usr/local/lib/python3.10/site-packages/django/db/backends/utils.py:131 - (0.000) SELECT "django_content_type"."id", "django_content_type"."app_label", "django_content_type"."model" FROM "django_content_type" WHERE ("django_content_type"."app_label" = 'contenttypes' AND "django_content_type"."model" = 'contenttype') LIMIT 21; args=('contenttypes', 'contenttype'); alias=default
[2024-10-24 16:07:19,147] DEBUG django.db.backends /usr/local/lib/python3.10/site-packages/django/db/backends/utils.py:131 - (0.001) SELECT "auth_permission"."content_type_id", "auth_permission"."codename" FROM "auth_permission" INNER JOIN "django_content_type" ON ("auth_permission"."content_type_id" = "django_content_type"."id") WHERE "auth_permission"."content_type_id" IN (4) ORDER BY "django_content_type"."app_label" ASC, "django_content_type"."model" ASC, "auth_permission"."codename" ASC; args=(4,); alias=default
[2024-10-24 16:07:19,149] DEBUG django.db.backends /usr/local/lib/python3.10/site-packages/django/db/backends/utils.py:131 - (0.001) SELECT "django_content_type"."id", "django_content_type"."app_label", "django_content_type"."model" FROM "django_content_type" WHERE "django_content_type"."app_label" = 'contenttypes'; args=('contenttypes',); alias=default
[2024-10-24 16:07:19,151] DEBUG django.db.backends /usr/local/lib/python3.10/site-packages/django/db/backends/utils.py:131 - (0.000) SELECT "django_content_type"."id", "django_content_type"."app_label", "django_content_type"."model" FROM "django_content_type" WHERE "django_content_type"."app_label" = 'sessions'; args=('sessions',); alias=default
[2024-10-24 16:07:19,153] DEBUG django.db.backends /usr/local/lib/python3.10/site-packages/django/db/backends/utils.py:131 - (0.000) SELECT "django_content_type"."id", "django_content_type"."app_label", "django_content_type"."model" FROM "django_content_type" WHERE ("django_content_type"."app_label" = 'sessions' AND "django_content_type"."model" = 'session') LIMIT 21; args=('sessions', 'session'); alias=default
[2024-10-24 16:07:19,156] DEBUG django.db.backends /usr/local/lib/python3.10/site-packages/django/db/backends/utils.py:131 - (0.001) SELECT "auth_permission"."content_type_id", "auth_permission"."codename" FROM "auth_permission" INNER JOIN "django_content_type" ON ("auth_permission"."content_type_id" = "django_content_type"."id") WHERE "auth_permission"."content_type_id" IN (5) ORDER BY "django_content_type"."app_label" ASC, "django_content_type"."model" ASC, "auth_permission"."codename" ASC; args=(5,); alias=default
[2024-10-24 16:07:19,158] DEBUG django.db.backends /usr/local/lib/python3.10/site-packages/django/db/backends/utils.py:131 - (0.000) SELECT "django_content_type"."id", "django_content_type"."app_label", "django_content_type"."model" FROM "django_content_type" WHERE "django_content_type"."app_label" = 'sessions'; args=('sessions',); alias=default
[2024-10-24 16:07:19,161] DEBUG django.db.backends /usr/local/lib/python3.10/site-packages/django/db/backends/utils.py:131 - (0.001) SELECT "django_content_type"."id", "django_content_type"."app_label", "django_content_type"."model" FROM "django_content_type" WHERE "django_content_type"."app_label" = 'core'; args=('core',); alias=default
[2024-10-24 16:07:19,163] DEBUG django.db.backends /usr/local/lib/python3.10/site-packages/django/db/backends/utils.py:131 - (0.000) SELECT "django_content_type"."id", "django_content_type"."app_label", "django_content_type"."model" FROM "django_content_type" WHERE ("django_content_type"."app_label" = 'core' AND "django_content_type"."model" = 'customuser') LIMIT 21; args=('core', 'customuser'); alias=default
[2024-10-24 16:07:19,165] DEBUG django.db.backends /usr/local/lib/python3.10/site-packages/django/db/backends/utils.py:131 - (0.001) SELECT "django_content_type"."id", "django_content_type"."app_label", "django_content_type"."model" FROM "django_content_type" WHERE ("django_content_type"."app_label" = 'core' AND "django_content_type"."model" = 'profile') LIMIT 21; args=('core', 'profile'); alias=default
[2024-10-24 16:07:19,168] DEBUG django.db.backends /usr/local/lib/python3.10/site-packages/django/db/backends/utils.py:131 - (0.001) SELECT "auth_permission"."content_type_id", "auth_permission"."codename" FROM "auth_permission" INNER JOIN "django_content_type" ON ("auth_permission"."content_type_id" = "django_content_type"."id") WHERE "auth_permission"."content_type_id" IN (6, 7) ORDER BY "django_content_type"."app_label" ASC, "django_content_type"."model" ASC, "auth_permission"."codename" ASC; args=(6, 7); alias=default
[2024-10-24 16:07:19,170] DEBUG django.db.backends /usr/local/lib/python3.10/site-packages/django/db/backends/utils.py:131 - (0.000) SELECT "django_content_type"."id", "django_content_type"."app_label", "django_content_type"."model" FROM "django_content_type" WHERE "django_content_type"."app_label" = 'core'; args=('core',); alias=default
[2024-10-24 16:07:19,172] DEBUG django.db.backends /usr/local/lib/python3.10/site-packages/django/db/backends/utils.py:131 - (0.000) SELECT "django_content_type"."id", "django_content_type"."app_label", "django_content_type"."model" FROM "django_content_type" WHERE "django_content_type"."app_label" = 'sites'; args=('sites',); alias=default
[2024-10-24 16:07:19,176] DEBUG django.db.backends /usr/local/lib/python3.10/site-packages/django/db/backends/utils.py:131 - (0.001) SELECT "django_content_type"."id", "django_content_type"."app_label", "django_content_type"."model" FROM "django_content_type" WHERE ("django_content_type"."app_label" = 'sites' AND "django_content_type"."model" = 'site') LIMIT 21; args=('sites', 'site'); alias=default
[2024-10-24 16:07:19,179] DEBUG django.db.backends /usr/local/lib/python3.10/site-packages/django/db/backends/utils.py:131 - (0.001) SELECT "auth_permission"."content_type_id", "auth_permission"."codename" FROM "auth_permission" INNER JOIN "django_content_type" ON ("auth_permission"."content_type_id" = "django_content_type"."id") WHERE "auth_permission"."content_type_id" IN (8) ORDER BY "django_content_type"."app_label" ASC, "django_content_type"."model" ASC, "auth_permission"."codename" ASC; args=(8,); alias=default
[2024-10-24 16:07:19,182] DEBUG django.db.backends /usr/local/lib/python3.10/site-packages/django/db/backends/utils.py:131 - (0.001) SELECT "django_content_type"."id", "django_content_type"."app_label", "django_content_type"."model" FROM "django_content_type" WHERE "django_content_type"."app_label" = 'sites'; args=('sites',); alias=default
[2024-10-24 16:07:19,185] DEBUG django.db.backends /usr/local/lib/python3.10/site-packages/django/db/backends/utils.py:131 - (0.002) SELECT 1 AS "a" FROM "django_site" LIMIT 1; args=(1,); alias=default
[2024-10-24 16:07:19,187] DEBUG django.db.backends /usr/local/lib/python3.10/site-packages/django/db/backends/utils.py:131 - (0.001) SELECT "django_content_type"."id", "django_content_type"."app_label", "django_content_type"."model" FROM "django_content_type" WHERE "django_content_type"."app_label" = 'allauth'; args=('allauth',); alias=default
[2024-10-24 16:07:19,190] DEBUG django.db.backends /usr/local/lib/python3.10/site-packages/django/db/backends/utils.py:131 - (0.001) SELECT "django_content_type"."id", "django_content_type"."app_label", "django_content_type"."model" FROM "django_content_type" WHERE "django_content_type"."app_label" = 'allauth'; args=('allauth',); alias=default
[2024-10-24 16:07:19,192] DEBUG django.db.backends /usr/local/lib/python3.10/site-packages/django/db/backends/utils.py:131 - (0.000) SELECT "django_content_type"."id", "django_content_type"."app_label", "django_content_type"."model" FROM "django_content_type" WHERE "django_content_type"."app_label" = 'account'; args=('account',); alias=default
[2024-10-24 16:07:19,195] DEBUG django.db.backends /usr/local/lib/python3.10/site-packages/django/db/backends/utils.py:131 - (0.001) SELECT "django_content_type"."id", "django_content_type"."app_label", "django_content_type"."model" FROM "django_content_type" WHERE ("django_content_type"."app_label" = 'account' AND "django_content_type"."model" = 'emailaddress') LIMIT 21; args=('account', 'emailaddress'); alias=default
[2024-10-24 16:07:19,198] DEBUG django.db.backends /usr/local/lib/python3.10/site-packages/django/db/backends/utils.py:131 - (0.001) SELECT "django_content_type"."id", "django_content_type"."app_label", "django_content_type"."model" FROM "django_content_type" WHERE ("django_content_type"."app_label" = 'account' AND "django_content_type"."model" = 'emailconfirmation') LIMIT 21; args=('account', 'emailconfirmation'); alias=default
[2024-10-24 16:07:19,201] DEBUG django.db.backends /usr/local/lib/python3.10/site-packages/django/db/backends/utils.py:131 - (0.001) SELECT "auth_permission"."content_type_id", "auth_permission"."codename" FROM "auth_permission" INNER JOIN "django_content_type" ON ("auth_permission"."content_type_id" = "django_content_type"."id") WHERE "auth_permission"."content_type_id" IN (9, 10) ORDER BY "django_content_type"."app_label" ASC, "django_content_type"."model" ASC, "auth_permission"."codename" ASC; args=(9, 10); alias=default
[2024-10-24 16:07:19,204] DEBUG django.db.backends /usr/local/lib/python3.10/site-packages/django/db/backends/utils.py:131 - (0.001) SELECT "django_content_type"."id", "django_content_type"."app_label", "django_content_type"."model" FROM "django_content_type" WHERE "django_content_type"."app_label" = 'account'; args=('account',); alias=default
[2024-10-24 16:07:19,206] DEBUG django.db.backends /usr/local/lib/python3.10/site-packages/django/db/backends/utils.py:131 - (0.001) SELECT "django_content_type"."id", "django_content_type"."app_label", "django_content_type"."model" FROM "django_content_type" WHERE "django_content_type"."app_label" = 'socialaccount'; args=('socialaccount',); alias=default
[2024-10-24 16:07:19,208] DEBUG django.db.backends /usr/local/lib/python3.10/site-packages/django/db/backends/utils.py:131 - (0.001) SELECT "django_content_type"."id", "django_content_type"."app_label", "django_content_type"."model" FROM "django_content_type" WHERE ("django_content_type"."app_label" = 'socialaccount' AND "django_content_type"."model" = 'socialaccount') LIMIT 21; args=('socialaccount', 'socialaccount'); alias=default
[2024-10-24 16:07:19,210] DEBUG django.db.backends /usr/local/lib/python3.10/site-packages/django/db/backends/utils.py:131 - (0.001) SELECT "django_content_type"."id", "django_content_type"."app_label", "django_content_type"."model" FROM "django_content_type" WHERE ("django_content_type"."app_label" = 'socialaccount' AND "django_content_type"."model" = 'socialapp') LIMIT 21; args=('socialaccount', 'socialapp'); alias=default
[2024-10-24 16:07:19,213] DEBUG django.db.backends /usr/local/lib/python3.10/site-packages/django/db/backends/utils.py:131 - (0.001) SELECT "django_content_type"."id", "django_content_type"."app_label", "django_content_type"."model" FROM "django_content_type" WHERE ("django_content_type"."app_label" = 'socialaccount' AND "django_content_type"."model" = 'socialtoken') LIMIT 21; args=('socialaccount', 'socialtoken'); alias=default
[2024-10-24 16:07:19,216] DEBUG django.db.backends /usr/local/lib/python3.10/site-packages/django/db/backends/utils.py:131 - (0.001) SELECT "auth_permission"."content_type_id", "auth_permission"."codename" FROM "auth_permission" INNER JOIN "django_content_type" ON ("auth_permission"."content_type_id" = "django_content_type"."id") WHERE "auth_permission"."content_type_id" IN (11, 12, 13) ORDER BY "django_content_type"."app_label" ASC, "django_content_type"."model" ASC, "auth_permission"."codename" ASC; args=(11, 12, 13); alias=default
[2024-10-24 16:07:19,218] DEBUG django.db.backends /usr/local/lib/python3.10/site-packages/django/db/backends/utils.py:131 - (0.000) SELECT "django_content_type"."id", "django_content_type"."app_label", "django_content_type"."model" FROM "django_content_type" WHERE "django_content_type"."app_label" = 'socialaccount'; args=('socialaccount',); alias=default
[2024-10-24 16:07:19,220] DEBUG django.db.backends /usr/local/lib/python3.10/site-packages/django/db/backends/utils.py:131 - (0.001) SELECT "django_content_type"."id", "django_content_type"."app_label", "django_content_type"."model" FROM "django_content_type" WHERE "django_content_type"."app_label" = 'todos'; args=('todos',); alias=default
[2024-10-24 16:07:19,222] DEBUG django.db.backends /usr/local/lib/python3.10/site-packages/django/db/backends/utils.py:131 - (0.001) SELECT "django_content_type"."id", "django_content_type"."app_label", "django_content_type"."model" FROM "django_content_type" WHERE ("django_content_type"."app_label" = 'todos' AND "django_content_type"."model" = 'tasklist') LIMIT 21; args=('todos', 'tasklist'); alias=default
[2024-10-24 16:07:19,224] DEBUG django.db.backends /usr/local/lib/python3.10/site-packages/django/db/backends/utils.py:131 - (0.000) SELECT "django_content_type"."id", "django_content_type"."app_label", "django_content_type"."model" FROM "django_content_type" WHERE ("django_content_type"."app_label" = 'todos' AND "django_content_type"."model" = 'taskhistory') LIMIT 21; args=('todos', 'taskhistory'); alias=default
[2024-10-24 16:07:19,227] DEBUG django.db.backends /usr/local/lib/python3.10/site-packages/django/db/backends/utils.py:131 - (0.000) SELECT "django_content_type"."id", "django_content_type"."app_label", "django_content_type"."model" FROM "django_content_type" WHERE ("django_content_type"."app_label" = 'todos' AND "django_content_type"."model" = 'task') LIMIT 21; args=('todos', 'task'); alias=default
[2024-10-24 16:07:19,229] DEBUG django.db.backends /usr/local/lib/python3.10/site-packages/django/db/backends/utils.py:131 - (0.001) SELECT "django_content_type"."id", "django_content_type"."app_label", "django_content_type"."model" FROM "django_content_type" WHERE ("django_content_type"."app_label" = 'todos' AND "django_content_type"."model" = 'image') LIMIT 21; args=('todos', 'image'); alias=default
[2024-10-24 16:07:19,233] DEBUG django.db.backends /usr/local/lib/python3.10/site-packages/django/db/backends/utils.py:131 - (0.001) SELECT "auth_permission"."content_type_id", "auth_permission"."codename" FROM "auth_permission" INNER JOIN "django_content_type" ON ("auth_permission"."content_type_id" = "django_content_type"."id") WHERE "auth_permission"."content_type_id" IN (16, 17, 14, 15) ORDER BY "django_content_type"."app_label" ASC, "django_content_type"."model" ASC, "auth_permission"."codename" ASC; args=(16, 17, 14, 15); alias=default
[2024-10-24 16:07:19,235] DEBUG django.db.backends /usr/local/lib/python3.10/site-packages/django/db/backends/utils.py:131 - (0.001) SELECT "django_content_type"."id", "django_content_type"."app_label", "django_content_type"."model" FROM "django_content_type" WHERE "django_content_type"."app_label" = 'todos'; args=('todos',); alias=default
[2024-10-24 16:07:19,237] DEBUG django.db.backends /usr/local/lib/python3.10/site-packages/django/db/backends/utils.py:131 - (0.001) SELECT "django_content_type"."id", "django_content_type"."app_label", "django_content_type"."model" FROM "django_content_type" WHERE "django_content_type"."app_label" = 'spreturn'; args=('spreturn',); alias=default
[2024-10-24 16:07:19,240] DEBUG django.db.backends /usr/local/lib/python3.10/site-packages/django/db/backends/utils.py:131 - (0.000) SELECT "django_content_type"."id", "django_content_type"."app_label", "django_content_type"."model" FROM "django_content_type" WHERE ("django_content_type"."app_label" = 'spreturn' AND "django_content_type"."model" = 'spinfo') LIMIT 21; args=('spreturn', 'spinfo'); alias=default
[2024-10-24 16:07:19,244] DEBUG django.db.backends /usr/local/lib/python3.10/site-packages/django/db/backends/utils.py:131 - (0.001) SELECT "auth_permission"."content_type_id", "auth_permission"."codename" FROM "auth_permission" INNER JOIN "django_content_type" ON ("auth_permission"."content_type_id" = "django_content_type"."id") WHERE "auth_permission"."content_type_id" IN (18) ORDER BY "django_content_type"."app_label" ASC, "django_content_type"."model" ASC, "auth_permission"."codename" ASC; args=(18,); alias=default
[2024-10-24 16:07:19,246] DEBUG django.db.backends /usr/local/lib/python3.10/site-packages/django/db/backends/utils.py:131 - (0.001) SELECT "django_content_type"."id", "django_content_type"."app_label", "django_content_type"."model" FROM "django_content_type" WHERE "django_content_type"."app_label" = 'spreturn'; args=('spreturn',); alias=default
[2024-10-24 16:07:19,248] DEBUG django.db.backends /usr/local/lib/python3.10/site-packages/django/db/backends/utils.py:131 - (0.001) SELECT "django_content_type"."id", "django_content_type"."app_label", "django_content_type"."model" FROM "django_content_type" WHERE "django_content_type"."app_label" = 'stocks'; args=('stocks',); alias=default
[2024-10-24 16:07:19,250] DEBUG django.db.backends /usr/local/lib/python3.10/site-packages/django/db/backends/utils.py:131 - (0.001) SELECT "django_content_type"."id", "django_content_type"."app_label", "django_content_type"."model" FROM "django_content_type" WHERE ("django_content_type"."app_label" = 'stocks' AND "django_content_type"."model" = 'stock') LIMIT 21; args=('stocks', 'stock'); alias=default
[2024-10-24 16:07:19,253] DEBUG django.db.backends /usr/local/lib/python3.10/site-packages/django/db/backends/utils.py:131 - (0.001) SELECT "auth_permission"."content_type_id", "auth_permission"."codename" FROM "auth_permission" INNER JOIN "django_content_type" ON ("auth_permission"."content_type_id" = "django_content_type"."id") WHERE "auth_permission"."content_type_id" IN (19) ORDER BY "django_content_type"."app_label" ASC, "django_content_type"."model" ASC, "auth_permission"."codename" ASC; args=(19,); alias=default
[2024-10-24 16:07:19,256] DEBUG django.db.backends /usr/local/lib/python3.10/site-packages/django/db/backends/utils.py:131 - (0.001) SELECT "django_content_type"."id", "django_content_type"."app_label", "django_content_type"."model" FROM "django_content_type" WHERE "django_content_type"."app_label" = 'stocks'; args=('stocks',); alias=default
[2024-10-24 16:07:19,258] DEBUG django.db.backends /usr/local/lib/python3.10/site-packages/django/db/backends/utils.py:131 - (0.001) SELECT "django_content_type"."id", "django_content_type"."app_label", "django_content_type"."model" FROM "django_content_type" WHERE "django_content_type"."app_label" = 'travel'; args=('travel',); alias=default
[2024-10-24 16:07:19,260] DEBUG django.db.backends /usr/local/lib/python3.10/site-packages/django/db/backends/utils.py:131 - (0.001) SELECT "django_content_type"."id", "django_content_type"."app_label", "django_content_type"."model" FROM "django_content_type" WHERE ("django_content_type"."app_label" = 'travel' AND "django_content_type"."model" = 'airport') LIMIT 21; args=('travel', 'airport'); alias=default
[2024-10-24 16:07:19,264] DEBUG django.db.backends /usr/local/lib/python3.10/site-packages/django/db/backends/utils.py:131 - (0.001) SELECT "auth_permission"."content_type_id", "auth_permission"."codename" FROM "auth_permission" INNER JOIN "django_content_type" ON ("auth_permission"."content_type_id" = "django_content_type"."id") WHERE "auth_permission"."content_type_id" IN (20) ORDER BY "django_content_type"."app_label" ASC, "django_content_type"."model" ASC, "auth_permission"."codename" ASC; args=(20,); alias=default
[2024-10-24 16:07:19,266] DEBUG django.db.backends /usr/local/lib/python3.10/site-packages/django/db/backends/utils.py:131 - (0.001) SELECT "django_content_type"."id", "django_content_type"."app_label", "django_content_type"."model" FROM "django_content_type" WHERE "django_content_type"."app_label" = 'travel'; args=('travel',); alias=default
[2024-10-24 16:07:19,268] DEBUG django.db.backends /usr/local/lib/python3.10/site-packages/django/db/backends/utils.py:131 - (0.001) SELECT "travel_airport"."code" FROM "travel_airport"; args=(); alias=default
[2024-10-24 16:07:19,271] DEBUG django.db.backends /usr/local/lib/python3.10/site-packages/django/db/backends/utils.py:131 - (0.001) SELECT "django_content_type"."id", "django_content_type"."app_label", "django_content_type"."model" FROM "django_content_type" WHERE "django_content_type"."app_label" = 'widget_tweaks'; args=('widget_tweaks',); alias=default
[2024-10-24 16:07:19,274] DEBUG django.db.backends /usr/local/lib/python3.10/site-packages/django/db/backends/utils.py:131 - (0.001) SELECT "django_content_type"."id", "django_content_type"."app_label", "django_content_type"."model" FROM "django_content_type" WHERE "django_content_type"."app_label" = 'widget_tweaks'; args=('widget_tweaks',); alias=default
[2024-10-24 16:07:36,022] INFO core.views /app/core/views.py:20 - Log : CustomSignupView template_name
[2024-10-24 16:07:37,702] DEBUG django.db.backends /usr/local/lib/python3.10/site-packages/django/db/backends/utils.py:131 - (0.002) SELECT "django_session"."session_key", "django_session"."session_data", "django_session"."expire_date" FROM "django_session" WHERE ("django_session"."expire_date" > '2024-10-24T16:07:37.686990+00:00'::timestamptz AND "django_session"."session_key" = 'csns9mf8wpkhd29q82m2wbp8jwq2b8qz') LIMIT 21; args=(datetime.datetime(2024, 10, 24, 16, 7, 37, 686990, tzinfo=datetime.timezone.utc), 'csns9mf8wpkhd29q82m2wbp8jwq2b8qz'); alias=default
[2024-10-24 16:07:37,707] DEBUG django.db.backends /usr/local/lib/python3.10/site-packages/django/db/backends/utils.py:131 - (0.002) SELECT "core_customuser"."id", "core_customuser"."password", "core_customuser"."last_login", "core_customuser"."is_superuser", "core_customuser"."username", "core_customuser"."first_name", "core_customuser"."last_name", "core_customuser"."email", "core_customuser"."is_staff", "core_customuser"."is_active", "core_customuser"."date_joined" FROM "core_customuser" WHERE "core_customuser"."id" = 3 LIMIT 21; args=(3,); alias=default
[2024-10-24 16:07:37,801] DEBUG django.db.backends /usr/local/lib/python3.10/site-packages/django/db/backends/utils.py:131 - (0.002) SELECT "django_session"."session_key", "django_session"."session_data", "django_session"."expire_date" FROM "django_session" WHERE ("django_session"."expire_date" > '2024-10-24T16:07:37.788160+00:00'::timestamptz AND "django_session"."session_key" = 'csns9mf8wpkhd29q82m2wbp8jwq2b8qz') LIMIT 21; args=(datetime.datetime(2024, 10, 24, 16, 7, 37, 788160, tzinfo=datetime.timezone.utc), 'csns9mf8wpkhd29q82m2wbp8jwq2b8qz'); alias=default
[2024-10-24 16:07:37,803] DEBUG django.db.backends /usr/local/lib/python3.10/site-packages/django/db/backends/utils.py:131 - (0.001) SELECT "core_customuser"."id", "core_customuser"."password", "core_customuser"."last_login", "core_customuser"."is_superuser", "core_customuser"."username", "core_customuser"."first_name", "core_customuser"."last_name", "core_customuser"."email", "core_customuser"."is_staff", "core_customuser"."is_active", "core_customuser"."date_joined" FROM "core_customuser" WHERE "core_customuser"."id" = 3 LIMIT 21; args=(3,); alias=default
[2024-10-24 16:07:44,609] DEBUG django.db.backends /usr/local/lib/python3.10/site-packages/django/db/backends/utils.py:131 - (0.001) SELECT "stocks_stock"."id", "stocks_stock"."user_id", "stocks_stock"."symbol", "stocks_stock"."name", "stocks_stock"."quantity", "stocks_stock"."date_purchased", "stocks_stock"."date_sold", "stocks_stock"."purchase_price", "stocks_stock"."sold_price", "stocks_stock"."source", "stocks_stock"."comments" FROM "stocks_stock"; args=(); alias=default
[2024-10-24 16:07:44,641] DEBUG django.db.backends /usr/local/lib/python3.10/site-packages/django/db/backends/utils.py:131 - (0.001) SELECT "django_session"."session_key", "django_session"."session_data", "django_session"."expire_date" FROM "django_session" WHERE ("django_session"."expire_date" > '2024-10-24T16:07:44.639271+00:00'::timestamptz AND "django_session"."session_key" = 'csns9mf8wpkhd29q82m2wbp8jwq2b8qz') LIMIT 21; args=(datetime.datetime(2024, 10, 24, 16, 7, 44, 639271, tzinfo=datetime.timezone.utc), 'csns9mf8wpkhd29q82m2wbp8jwq2b8qz'); alias=default
[2024-10-24 16:07:44,643] DEBUG django.db.backends /usr/local/lib/python3.10/site-packages/django/db/backends/utils.py:131 - (0.001) SELECT "core_customuser"."id", "core_customuser"."password", "core_customuser"."last_login", "core_customuser"."is_superuser", "core_customuser"."username", "core_customuser"."first_name", "core_customuser"."last_name", "core_customuser"."email", "core_customuser"."is_staff", "core_customuser"."is_active", "core_customuser"."date_joined" FROM "core_customuser" WHERE "core_customuser"."id" = 3 LIMIT 21; args=(3,); alias=default
[2024-10-24 16:07:46,355] DEBUG django.db.backends /usr/local/lib/python3.10/site-packages/django/db/backends/utils.py:131 - (0.002) SELECT "django_session"."session_key", "django_session"."session_data", "django_session"."expire_date" FROM "django_session" WHERE ("django_session"."expire_date" > '2024-10-24T16:07:46.345743+00:00'::timestamptz AND "django_session"."session_key" = 'csns9mf8wpkhd29q82m2wbp8jwq2b8qz') LIMIT 21; args=(datetime.datetime(2024, 10, 24, 16, 7, 46, 345743, tzinfo=datetime.timezone.utc), 'csns9mf8wpkhd29q82m2wbp8jwq2b8qz'); alias=default
[2024-10-24 16:07:46,358] DEBUG django.db.backends /usr/local/lib/python3.10/site-packages/django/db/backends/utils.py:131 - (0.001) SELECT "core_customuser"."id", "core_customuser"."password", "core_customuser"."last_login", "core_customuser"."is_superuser", "core_customuser"."username", "core_customuser"."first_name", "core_customuser"."last_name", "core_customuser"."email", "core_customuser"."is_staff", "core_customuser"."is_active", "core_customuser"."date_joined" FROM "core_customuser" WHERE "core_customuser"."id" = 3 LIMIT 21; args=(3,); alias=default
[2024-10-24 16:07:48,636] DEBUG django.db.backends /usr/local/lib/python3.10/site-packages/django/db/backends/utils.py:131 - (0.017) SELECT "django_session"."session_key", "django_session"."session_data", "django_session"."expire_date" FROM "django_session" WHERE ("django_session"."expire_date" > '2024-10-24T16:07:48.540046+00:00'::timestamptz AND "django_session"."session_key" = 'csns9mf8wpkhd29q82m2wbp8jwq2b8qz') LIMIT 21; args=(datetime.datetime(2024, 10, 24, 16, 7, 48, 540046, tzinfo=datetime.timezone.utc), 'csns9mf8wpkhd29q82m2wbp8jwq2b8qz'); alias=default
[2024-10-24 16:07:48,642] DEBUG django.db.backends /usr/local/lib/python3.10/site-packages/django/db/backends/utils.py:131 - (0.001) SELECT "core_customuser"."id", "core_customuser"."password", "core_customuser"."last_login", "core_customuser"."is_superuser", "core_customuser"."username", "core_customuser"."first_name", "core_customuser"."last_name", "core_customuser"."email", "core_customuser"."is_staff", "core_customuser"."is_active", "core_customuser"."date_joined" FROM "core_customuser" WHERE "core_customuser"."id" = 3 LIMIT 21; args=(3,); alias=default
